16:23:38.940 [http-nio-9098-exec-7] ERROR c.c.h.GlobalExceptionHandler - [handleException,16] - 
### Error updating database.  Cause: java.sql.SQLException: Field 'json_data' doesn't have a default value
### The error may exist in cn/cestc/mapper/ChatMapper.java (best guess)
### The error may involve cn.cestc.mapper.ChatMapper.insert-Inline
### The error occurred while setting parameters
### SQL: INSERT INTO chat  ( user_id, event_id )  VALUES  ( ?, ? )
### Cause: java.sql.SQLException: Field 'json_data' doesn't have a default value
; Field 'json_data' doesn't have a default value; nested exception is java.sql.SQLException: Field 'json_data' doesn't have a default value
16:26:26.833 [http-nio-9098-exec-8] ERROR c.c.h.GlobalExceptionHandler - [handleException,16] - JSON parse error: Cannot deserialize value of type `java.lang.String` from Array value (token `JsonToken.START_ARRAY`); nested exception is com.fasterxml.jackson.databind.exc.MismatchedInputException: Cannot deserialize value of type `java.lang.String` from Array value (token `JsonToken.START_ARRAY`)
 at [Source: (PushbackInputStream); line: 1, column: 40] (through reference chain: cn.cestc.domain.model.Chat["jsonData"])
16:29:58.535 [http-nio-9098-exec-10] ERROR c.c.h.GlobalExceptionHandler - [handleException,16] - 
### Error updating database.  Cause: com.mysql.cj.jdbc.exceptions.MysqlDataTruncation: Data truncation: Data too long for column 'json_data' at row 1
### The error may exist in cn/cestc/mapper/ChatMapper.java (best guess)
### The error may involve cn.cestc.mapper.ChatMapper.insert-Inline
### The error occurred while setting parameters
### SQL: INSERT INTO chat  ( user_id, event_id,  json_data )  VALUES  ( ?, ?,  ? )
### Cause: com.mysql.cj.jdbc.exceptions.MysqlDataTruncation: Data truncation: Data too long for column 'json_data' at row 1
; Data truncation: Data too long for column 'json_data' at row 1; nested exception is com.mysql.cj.jdbc.exceptions.MysqlDataTruncation: Data truncation: Data too long for column 'json_data' at row 1
16:30:13.848 [http-nio-9098-exec-1] ERROR c.c.h.GlobalExceptionHandler - [handleException,16] - 
### Error updating database.  Cause: com.mysql.cj.jdbc.exceptions.MysqlDataTruncation: Data truncation: Data too long for column 'json_data' at row 1
### The error may exist in cn/cestc/mapper/ChatMapper.java (best guess)
### The error may involve cn.cestc.mapper.ChatMapper.insert-Inline
### The error occurred while setting parameters
### SQL: INSERT INTO chat  ( user_id, event_id,  json_data )  VALUES  ( ?, ?,  ? )
### Cause: com.mysql.cj.jdbc.exceptions.MysqlDataTruncation: Data truncation: Data too long for column 'json_data' at row 1
; Data truncation: Data too long for column 'json_data' at row 1; nested exception is com.mysql.cj.jdbc.exceptions.MysqlDataTruncation: Data truncation: Data too long for column 'json_data' at row 1
09:38:20.743 [http-nio-9098-exec-1] ERROR c.c.h.GlobalExceptionHandler - [handleException,16] - 
### Error updating database.  Cause: java.sql.SQLSyntaxErrorException: Unknown column 'favorate' in 'field list'
### The error may exist in cn/cestc/mapper/EventMapper.java (best guess)
### The error may involve cn.cestc.mapper.EventMapper.updateById-Inline
### The error occurred while setting parameters
### SQL: UPDATE event  SET name=?,    updater_id=?, remarks=?,  favorate=?  WHERE id=?
### Cause: java.sql.SQLSyntaxErrorException: Unknown column 'favorate' in 'field list'
; bad SQL grammar []; nested exception is java.sql.SQLSyntaxErrorException: Unknown column 'favorate' in 'field list'
09:47:24.839 [http-nio-9098-exec-10] ERROR c.c.h.GlobalExceptionHandler - [handleException,16] - Required request parameter 'key' for method parameter type String is not present
09:47:36.715 [http-nio-9098-exec-1] ERROR c.c.h.GlobalExceptionHandler - [handleException,16] - Required request body is missing: public xin.altitude.cms.common.entity.AjaxResult cn.cestc.controller.event.EventController.list(cn.cestc.domain.model.Event)
09:47:57.637 [http-nio-9098-exec-2] ERROR c.c.h.GlobalExceptionHandler - [handleException,16] - Required request body is missing: public xin.altitude.cms.common.entity.AjaxResult cn.cestc.controller.event.EventController.list(cn.cestc.domain.model.Event)
09:52:14.030 [http-nio-9098-exec-6] ERROR c.c.h.GlobalExceptionHandler - [handleException,16] - Request method 'GET' not supported
10:02:42.397 [http-nio-9098-exec-1] ERROR c.c.h.GlobalExceptionHandler - [handleException,16] - Required request parameter 'favorite' for method parameter type Integer is not present
10:03:38.724 [http-nio-9098-exec-6] ERROR c.c.h.GlobalExceptionHandler - [handleException,16] - nested exception is org.apache.ibatis.binding.BindingException: Parameter 'favorite' not found. Available parameters are [offset, favor, limit, param3, param1, param2]
10:03:49.266 [http-nio-9098-exec-7] ERROR c.c.h.GlobalExceptionHandler - [handleException,16] - nested exception is org.apache.ibatis.binding.BindingException: Parameter 'favorite' not found. Available parameters are [offset, favor, limit, param3, param1, param2]
10:04:18.966 [http-nio-9098-exec-9] ERROR c.c.h.GlobalExceptionHandler - [handleException,16] - nested exception is org.apache.ibatis.binding.BindingException: Parameter 'favorite' not found. Available parameters are [offset, favor, limit, param3, param1, param2]
10:04:24.914 [http-nio-9098-exec-10] ERROR c.c.h.GlobalExceptionHandler - [handleException,16] - nested exception is org.apache.ibatis.binding.BindingException: Parameter 'favorite' not found. Available parameters are [offset, favor, limit, param3, param1, param2]
10:05:08.536 [http-nio-9098-exec-1] ERROR c.c.h.GlobalExceptionHandler - [handleException,16] - nested exception is org.apache.ibatis.binding.BindingException: Parameter 'favorite' not found. Available parameters are [offset, favor, limit, param3, param1, param2]
10:23:02.274 [http-nio-9098-exec-4] ERROR c.c.h.GlobalExceptionHandler - [handleException,16] - 
### Error updating database.  Cause: java.sql.SQLException: Field 'session_id' doesn't have a default value
### The error may exist in cn/cestc/mapper/ChatMapper.java (best guess)
### The error may involve cn.cestc.mapper.ChatMapper.insert-Inline
### The error occurred while setting parameters
### SQL: INSERT INTO chat  ( user_id, event_id,  json_data )  VALUES  ( ?, ?,  ? )
### Cause: java.sql.SQLException: Field 'session_id' doesn't have a default value
; Field 'session_id' doesn't have a default value; nested exception is java.sql.SQLException: Field 'session_id' doesn't have a default value
13:42:37.589 [http-nio-9098-exec-1] ERROR c.c.h.GlobalExceptionHandler - [handleException,16] - 
### Error updating database.  Cause: java.sql.SQLException: Field 'json_data' doesn't have a default value
### The error may exist in cn/cestc/mapper/ChatMapper.java (best guess)
### The error may involve cn.cestc.mapper.ChatMapper.insert-Inline
### The error occurred while setting parameters
### SQL: INSERT INTO chat  ( user_id, event_id )  VALUES  ( ?, ? )
### Cause: java.sql.SQLException: Field 'json_data' doesn't have a default value
; Field 'json_data' doesn't have a default value; nested exception is java.sql.SQLException: Field 'json_data' doesn't have a default value
13:53:23.879 [http-nio-9098-exec-9] ERROR c.c.h.GlobalExceptionHandler - [handleException,16] - 
### Error updating database.  Cause: java.sql.SQLException: Field 'json_data' doesn't have a default value
### The error may exist in cn/cestc/mapper/ChatMapper.java (best guess)
### The error may involve cn.cestc.mapper.ChatMapper.insert-Inline
### The error occurred while setting parameters
### SQL: INSERT INTO chat  ( user_id, event_id )  VALUES  ( ?, ? )
### Cause: java.sql.SQLException: Field 'json_data' doesn't have a default value
; Field 'json_data' doesn't have a default value; nested exception is java.sql.SQLException: Field 'json_data' doesn't have a default value
13:53:24.603 [http-nio-9098-exec-2] ERROR c.c.h.GlobalExceptionHandler - [handleException,16] - 
### Error updating database.  Cause: java.sql.SQLException: Field 'json_data' doesn't have a default value
### The error may exist in cn/cestc/mapper/ChatMapper.java (best guess)
### The error may involve cn.cestc.mapper.ChatMapper.insert-Inline
### The error occurred while setting parameters
### SQL: INSERT INTO chat  ( user_id, event_id )  VALUES  ( ?, ? )
### Cause: java.sql.SQLException: Field 'json_data' doesn't have a default value
; Field 'json_data' doesn't have a default value; nested exception is java.sql.SQLException: Field 'json_data' doesn't have a default value
13:53:25.004 [http-nio-9098-exec-3] ERROR c.c.h.GlobalExceptionHandler - [handleException,16] - 
### Error updating database.  Cause: java.sql.SQLException: Field 'json_data' doesn't have a default value
### The error may exist in cn/cestc/mapper/ChatMapper.java (best guess)
### The error may involve cn.cestc.mapper.ChatMapper.insert-Inline
### The error occurred while setting parameters
### SQL: INSERT INTO chat  ( user_id, event_id )  VALUES  ( ?, ? )
### Cause: java.sql.SQLException: Field 'json_data' doesn't have a default value
; Field 'json_data' doesn't have a default value; nested exception is java.sql.SQLException: Field 'json_data' doesn't have a default value
13:53:38.116 [http-nio-9098-exec-8] ERROR c.c.h.GlobalExceptionHandler - [handleException,16] - 
### Error updating database.  Cause: java.sql.SQLException: Field 'json_data' doesn't have a default value
### The error may exist in cn/cestc/mapper/ChatMapper.java (best guess)
### The error may involve cn.cestc.mapper.ChatMapper.insert-Inline
### The error occurred while setting parameters
### SQL: INSERT INTO chat  ( user_id, event_id )  VALUES  ( ?, ? )
### Cause: java.sql.SQLException: Field 'json_data' doesn't have a default value
; Field 'json_data' doesn't have a default value; nested exception is java.sql.SQLException: Field 'json_data' doesn't have a default value
13:53:46.211 [http-nio-9098-exec-10] ERROR c.c.h.GlobalExceptionHandler - [handleException,16] - 
### Error updating database.  Cause: java.sql.SQLException: Field 'json_data' doesn't have a default value
### The error may exist in cn/cestc/mapper/ChatMapper.java (best guess)
### The error may involve cn.cestc.mapper.ChatMapper.insert-Inline
### The error occurred while setting parameters
### SQL: INSERT INTO chat  ( user_id, event_id )  VALUES  ( ?, ? )
### Cause: java.sql.SQLException: Field 'json_data' doesn't have a default value
; Field 'json_data' doesn't have a default value; nested exception is java.sql.SQLException: Field 'json_data' doesn't have a default value
14:21:59.807 [http-nio-9098-exec-4] ERROR c.c.h.GlobalExceptionHandler - [handleException,16] - Failed to convert value of type 'java.lang.String' to required type 'java.lang.Integer'; nested exception is java.lang.NumberFormatException: For input string: "NaN"
14:22:01.904 [http-nio-9098-exec-3] ERROR c.c.h.GlobalExceptionHandler - [handleException,16] - Failed to convert value of type 'java.lang.String' to required type 'java.lang.Integer'; nested exception is java.lang.NumberFormatException: For input string: "NaN"
14:22:02.760 [http-nio-9098-exec-5] ERROR c.c.h.GlobalExceptionHandler - [handleException,16] - Failed to convert value of type 'java.lang.String' to required type 'java.lang.Integer'; nested exception is java.lang.NumberFormatException: For input string: "NaN"
14:22:15.753 [http-nio-9098-exec-6] ERROR c.c.h.GlobalExceptionHandler - [handleException,16] - Failed to convert value of type 'java.lang.String' to required type 'java.lang.Integer'; nested exception is java.lang.NumberFormatException: For input string: "NaN"
14:32:37.718 [http-nio-9098-exec-2] ERROR c.c.h.GlobalExceptionHandler - [handleException,16] - Required request part 'file' is not present
14:41:58.247 [http-nio-9098-exec-9] ERROR c.c.h.GlobalExceptionHandler - [handleException,16] - 
### Error updating database.  Cause: java.sql.SQLException: Field 'json_data' doesn't have a default value
### The error may exist in cn/cestc/mapper/ChatMapper.java (best guess)
### The error may involve cn.cestc.mapper.ChatMapper.insert-Inline
### The error occurred while setting parameters
### SQL: INSERT INTO chat  ( user_id, event_id )  VALUES  ( ?, ? )
### Cause: java.sql.SQLException: Field 'json_data' doesn't have a default value
; Field 'json_data' doesn't have a default value; nested exception is java.sql.SQLException: Field 'json_data' doesn't have a default value
15:44:59.007 [http-nio-9098-exec-1] ERROR c.c.h.GlobalExceptionHandler - [handleException,16] - nested exception is org.apache.ibatis.builder.BuilderException: Error evaluating expression 'ew.sqlSegment != null and ew.sqlSegment != '' and ew.nonEmptyOfWhere'. Cause: org.apache.ibatis.ognl.OgnlException: sqlSegment [org.apache.ibatis.reflection.ReflectionException: Error parsing property name 'lambda$getColumnFunction$ee0d0829$1'.  Didn't start with 'is', 'get' or 'set'.]
15:45:05.456 [http-nio-9098-exec-2] ERROR c.c.h.GlobalExceptionHandler - [handleException,16] - nested exception is org.apache.ibatis.builder.BuilderException: Error evaluating expression 'ew.sqlSegment != null and ew.sqlSegment != '' and ew.nonEmptyOfWhere'. Cause: org.apache.ibatis.ognl.OgnlException: sqlSegment [org.apache.ibatis.reflection.ReflectionException: Error parsing property name 'lambda$getColumnFunction$ee0d0829$1'.  Didn't start with 'is', 'get' or 'set'.]
15:58:50.336 [http-nio-9098-exec-4] ERROR c.c.h.GlobalExceptionHandler - [handleException,16] - Required request part 'file' is not present
16:08:50.577 [http-nio-9098-exec-3] ERROR c.c.h.GlobalExceptionHandler - [handleException,16] - Required request part 'file' is not present
16:16:39.805 [http-nio-9098-exec-1] ERROR c.c.h.GlobalExceptionHandler - [handleException,16] - nested exception is org.apache.ibatis.builder.BuilderException: Error evaluating expression 'ew.sqlSegment != null and ew.sqlSegment != '' and ew.nonEmptyOfWhere'. Cause: org.apache.ibatis.ognl.OgnlException: sqlSegment [org.apache.ibatis.reflection.ReflectionException: Error parsing property name 'lambda$getColumnFunction$9809ff7d$1'.  Didn't start with 'is', 'get' or 'set'.]
16:19:53.790 [http-nio-9098-exec-1] ERROR c.c.h.GlobalExceptionHandler - [handleException,16] - nested exception is org.apache.ibatis.builder.BuilderException: Error evaluating expression 'ew.sqlSegment != null and ew.sqlSegment != '' and ew.nonEmptyOfWhere'. Cause: org.apache.ibatis.ognl.OgnlException: sqlSegment [org.apache.ibatis.reflection.ReflectionException: Error parsing property name 'lambda$getColumnFunction$9809ff7d$1'.  Didn't start with 'is', 'get' or 'set'.]
16:50:47.694 [http-nio-9098-exec-10] ERROR c.c.h.GlobalExceptionHandler - [handleException,16] - com.google.gson.JsonNull cannot be cast to com.google.gson.JsonObject
16:52:08.471 [http-nio-9098-exec-2] ERROR c.c.h.GlobalExceptionHandler - [handleException,16] - com.google.gson.JsonNull cannot be cast to com.google.gson.JsonObject
16:53:23.462 [http-nio-9098-exec-4] ERROR c.c.h.GlobalExceptionHandler - [handleException,16] - com.google.gson.JsonNull cannot be cast to com.google.gson.JsonObject
16:54:21.997 [http-nio-9098-exec-6] ERROR c.c.h.GlobalExceptionHandler - [handleException,16] - Required request parameter 'padID' for method parameter type String is not present
16:56:32.356 [http-nio-9098-exec-6] ERROR c.c.h.GlobalExceptionHandler - [handleException,16] - com.google.gson.JsonNull cannot be cast to com.google.gson.JsonObject
16:57:11.228 [http-nio-9098-exec-7] ERROR c.c.h.GlobalExceptionHandler - [handleException,16] - com.google.gson.JsonNull cannot be cast to com.google.gson.JsonObject
16:58:21.194 [http-nio-9098-exec-4] ERROR c.c.h.GlobalExceptionHandler - [handleException,16] - Required request parameter 'padID' for method parameter type String is not present
16:58:34.878 [http-nio-9098-exec-10] ERROR c.c.h.GlobalExceptionHandler - [handleException,16] - com.google.gson.JsonNull cannot be cast to com.google.gson.JsonObject
17:11:18.939 [http-nio-9098-exec-1] ERROR c.c.h.GlobalExceptionHandler - [handleException,16] - Failed to convert value of type 'java.lang.String' to required type 'java.lang.Integer'; nested exception is java.lang.NumberFormatException: For input string: "undefined"
17:11:46.142 [http-nio-9098-exec-7] ERROR c.c.h.GlobalExceptionHandler - [handleException,16] - Failed to convert value of type 'java.lang.String' to required type 'java.lang.Integer'; nested exception is java.lang.NumberFormatException: For input string: "undefined"
17:13:06.859 [http-nio-9098-exec-4] ERROR c.c.h.GlobalExceptionHandler - [handleException,16] - null
17:16:26.005 [http-nio-9098-exec-2] ERROR c.c.h.GlobalExceptionHandler - [handleException,16] - Required request parameter 'padID' for method parameter type String is not present
17:16:28.000 [http-nio-9098-exec-3] ERROR c.c.h.GlobalExceptionHandler - [handleException,16] - Required request parameter 'padID' for method parameter type String is not present
17:17:34.704 [http-nio-9098-exec-1] ERROR c.c.h.GlobalExceptionHandler - [handleException,16] - Failed to convert value of type 'java.lang.String' to required type 'java.lang.Integer'; nested exception is java.lang.NumberFormatException: For input string: "undefined"
17:20:14.152 [http-nio-9098-exec-5] ERROR c.c.h.GlobalExceptionHandler - [handleException,16] - Failed to convert value of type 'java.lang.String' to required type 'java.lang.Integer'; nested exception is java.lang.NumberFormatException: For input string: "undefined"
