09:38:34.899 [http-nio-9098-exec-1] ERROR c.c.h.GlobalExceptionHandler - [handleException,16] - 
### Error updating database.  Cause: java.sql.SQLException: Field 'json_data' doesn't have a default value
### The error may exist in cn/cestc/mapper/ChatMapper.java (best guess)
### The error may involve cn.cestc.mapper.ChatMapper.insert-Inline
### The error occurred while setting parameters
### SQL: INSERT INTO chat  ( user_id, event_id )  VALUES  ( ?, ? )
### Cause: java.sql.SQLException: Field 'json_data' doesn't have a default value
; Field 'json_data' doesn't have a default value; nested exception is java.sql.SQLException: Field 'json_data' doesn't have a default value
09:38:37.152 [http-nio-9098-exec-4] ERROR c.c.h.GlobalExceptionHandler - [handleException,16] - 
### Error updating database.  Cause: java.sql.SQLException: Field 'json_data' doesn't have a default value
### The error may exist in cn/cestc/mapper/ChatMapper.java (best guess)
### The error may involve cn.cestc.mapper.ChatMapper.insert-Inline
### The error occurred while setting parameters
### SQL: INSERT INTO chat  ( user_id, event_id )  VALUES  ( ?, ? )
### Cause: java.sql.SQLException: Field 'json_data' doesn't have a default value
; Field 'json_data' doesn't have a default value; nested exception is java.sql.SQLException: Field 'json_data' doesn't have a default value
09:38:53.229 [http-nio-9098-exec-5] ERROR c.c.h.GlobalExceptionHandler - [handleException,16] - 
### Error updating database.  Cause: java.sql.SQLException: Field 'json_data' doesn't have a default value
### The error may exist in cn/cestc/mapper/ChatMapper.java (best guess)
### The error may involve cn.cestc.mapper.ChatMapper.insert-Inline
### The error occurred while setting parameters
### SQL: INSERT INTO chat  ( user_id, event_id )  VALUES  ( ?, ? )
### Cause: java.sql.SQLException: Field 'json_data' doesn't have a default value
; Field 'json_data' doesn't have a default value; nested exception is java.sql.SQLException: Field 'json_data' doesn't have a default value
09:40:06.697 [http-nio-9098-exec-3] ERROR c.c.h.GlobalExceptionHandler - [handleException,16] - 
### Error updating database.  Cause: java.sql.SQLException: Field 'json_data' doesn't have a default value
### The error may exist in cn/cestc/mapper/ChatMapper.java (best guess)
### The error may involve cn.cestc.mapper.ChatMapper.insert-Inline
### The error occurred while setting parameters
### SQL: INSERT INTO chat  ( user_id, event_id )  VALUES  ( ?, ? )
### Cause: java.sql.SQLException: Field 'json_data' doesn't have a default value
; Field 'json_data' doesn't have a default value; nested exception is java.sql.SQLException: Field 'json_data' doesn't have a default value
09:46:24.157 [http-nio-9098-exec-8] ERROR c.c.h.GlobalExceptionHandler - [handleException,16] - 
### Error updating database.  Cause: java.sql.SQLException: Field 'json_data' doesn't have a default value
### The error may exist in cn/cestc/mapper/ChatMapper.java (best guess)
### The error may involve cn.cestc.mapper.ChatMapper.insert-Inline
### The error occurred while setting parameters
### SQL: INSERT INTO chat  ( user_id, event_id )  VALUES  ( ?, ? )
### Cause: java.sql.SQLException: Field 'json_data' doesn't have a default value
; Field 'json_data' doesn't have a default value; nested exception is java.sql.SQLException: Field 'json_data' doesn't have a default value
09:48:37.303 [http-nio-9098-exec-10] ERROR c.c.h.GlobalExceptionHandler - [handleException,16] - JSON parse error: Unexpected character ('"' (code 34)): was expecting comma to separate Object entries; nested exception is com.fasterxml.jackson.core.JsonParseException: Unexpected character ('"' (code 34)): was expecting comma to separate Object entries
 at [Source: (PushbackInputStream); line: 5, column: 6]
10:04:28.955 [http-nio-9098-exec-2] ERROR c.c.h.GlobalExceptionHandler - [handleException,16] - 
### Error updating database.  Cause: java.sql.SQLException: Field 'json_data' doesn't have a default value
### The error may exist in cn/cestc/mapper/ChatMapper.java (best guess)
### The error may involve cn.cestc.mapper.ChatMapper.insert-Inline
### The error occurred while setting parameters
### SQL: INSERT INTO chat  ( user_id, event_id )  VALUES  ( ?, ? )
### Cause: java.sql.SQLException: Field 'json_data' doesn't have a default value
; Field 'json_data' doesn't have a default value; nested exception is java.sql.SQLException: Field 'json_data' doesn't have a default value
10:04:54.559 [http-nio-9098-exec-3] ERROR c.c.h.GlobalExceptionHandler - [handleException,16] - 
### Error updating database.  Cause: java.sql.SQLException: Field 'json_data' doesn't have a default value
### The error may exist in cn/cestc/mapper/ChatMapper.java (best guess)
### The error may involve cn.cestc.mapper.ChatMapper.insert-Inline
### The error occurred while setting parameters
### SQL: INSERT INTO chat  ( user_id, event_id )  VALUES  ( ?, ? )
### Cause: java.sql.SQLException: Field 'json_data' doesn't have a default value
; Field 'json_data' doesn't have a default value; nested exception is java.sql.SQLException: Field 'json_data' doesn't have a default value
10:17:07.069 [http-nio-9098-exec-2] ERROR c.c.h.GlobalExceptionHandler - [handleException,16] - null
10:17:38.669 [http-nio-9098-exec-2] ERROR c.c.h.GlobalExceptionHandler - [handleException,16] - null
10:17:54.632 [http-nio-9098-exec-4] ERROR c.c.h.GlobalExceptionHandler - [handleException,16] - null
10:18:35.532 [http-nio-9098-exec-8] ERROR c.c.h.GlobalExceptionHandler - [handleException,16] - null
10:18:47.868 [http-nio-9098-exec-7] ERROR c.c.h.GlobalExceptionHandler - [handleException,16] - null
10:18:53.552 [http-nio-9098-exec-9] ERROR c.c.h.GlobalExceptionHandler - [handleException,16] - null
10:19:17.114 [http-nio-9098-exec-2] ERROR c.c.h.GlobalExceptionHandler - [handleException,16] - null
