15:13:04.075 [main] INFO  c.c.WorkboardApplication - [logStarting,55] - Starting WorkboardApplication using Java 1.8.0_151 on PF23JXDK with PID 127084 (D:\wechat_file\WeChat Files\wxid_x0oyzil4qxhv22\FileStorage\File\2024-04\workboard\target\classes started by Administrator in D:\wechat_file\WeChat Files\wxid_x0oyzil4qxhv22\FileStorage\File\2024-04\workboard)
15:13:04.081 [main] INFO  c.c.WorkboardApplication - [logStartupProfileInfo,659] - No active profile set, falling back to default profiles: default
15:13:06.757 [main] INFO  o.a.c.h.Http11NioProtocol - [log,173] - Initializing ProtocolHandler ["http-nio-9098"]
15:13:06.758 [main] INFO  o.a.c.c.StandardService - [log,173] - Starting service [Tomcat]
15:13:06.758 [main] INFO  o.a.c.c.StandardEngine - [log,173] - Starting Servlet engine: [Apache Tomcat/9.0.52]
15:13:06.920 [main] INFO  o.a.c.c.C.[.[.[/] - [log,173] - Initializing Spring embedded WebApplicationContext
15:13:12.336 [main] INFO  c.a.d.s.b.a.DruidDataSourceAutoConfigure - [dataSource,56] - Init DruidDataSource
15:13:12.413 [main] INFO  c.a.d.p.DruidDataSource - [init,998] - {dataSource-1} inited
15:13:13.391 [main] INFO  o.a.c.h.Http11NioProtocol - [log,173] - Starting ProtocolHandler ["http-nio-9098"]
15:13:13.988 [main] INFO  c.c.WorkboardApplication - [logStarted,61] - Started WorkboardApplication in 10.749 seconds (JVM running for 14.083)
15:14:37.203 [SpringApplicationShutdownHook] INFO  c.a.d.p.DruidDataSource - [close,2071] - {dataSource-1} closing ...
15:14:37.206 [SpringApplicationShutdownHook] INFO  c.a.d.p.DruidDataSource - [close,2144] - {dataSource-1} closed
15:14:54.101 [main] INFO  c.c.WorkboardApplication - [logStarting,55] - Starting WorkboardApplication using Java 1.8.0_151 on PF23JXDK with PID 125264 (D:\wechat_file\WeChat Files\wxid_x0oyzil4qxhv22\FileStorage\File\2024-04\workboard\target\classes started by Administrator in D:\wechat_file\WeChat Files\wxid_x0oyzil4qxhv22\FileStorage\File\2024-04\workboard)
15:14:54.109 [main] INFO  c.c.WorkboardApplication - [logStartupProfileInfo,659] - No active profile set, falling back to default profiles: default
15:14:56.736 [main] INFO  o.a.c.h.Http11NioProtocol - [log,173] - Initializing ProtocolHandler ["http-nio-9098"]
15:14:56.738 [main] INFO  o.a.c.c.StandardService - [log,173] - Starting service [Tomcat]
15:14:56.738 [main] INFO  o.a.c.c.StandardEngine - [log,173] - Starting Servlet engine: [Apache Tomcat/9.0.52]
15:14:56.949 [main] INFO  o.a.c.c.C.[.[.[/] - [log,173] - Initializing Spring embedded WebApplicationContext
15:15:01.630 [main] INFO  c.a.d.s.b.a.DruidDataSourceAutoConfigure - [dataSource,56] - Init DruidDataSource
15:15:01.721 [main] INFO  c.a.d.p.DruidDataSource - [init,998] - {dataSource-1} inited
15:15:02.597 [main] INFO  o.a.c.h.Http11NioProtocol - [log,173] - Starting ProtocolHandler ["http-nio-9098"]
15:15:03.207 [main] INFO  c.c.WorkboardApplication - [logStarted,61] - Started WorkboardApplication in 9.996 seconds (JVM running for 13.192)
15:15:09.575 [http-nio-9098-exec-1] INFO  o.a.c.c.C.[.[.[/] - [log,173] - Initializing Spring DispatcherServlet 'dispatcherServlet'
15:15:09.671 [http-nio-9098-exec-1] INFO  c.c.h.GlobalExceptionHandler - [handleException,18] - org.springframework.validation.BeanPropertyBindingResult: 1 errors
Field error in object 'pageEntity' on field 'current': rejected value [400000000000000000000000000000000000000000000000000000]; codes [typeMismatch.pageEntity.current,typeMismatch.current,typeMismatch.long,typeMismatch]; arguments [org.springframework.context.support.DefaultMessageSourceResolvable: codes [pageEntity.current,current]; arguments []; default message [current]]; default message [Failed to convert property value of type 'java.lang.String' to required type 'long' for property 'current'; nested exception is java.lang.NumberFormatException: For input string: "400000000000000000000000000000000000000000000000000000"]
